[2018-12-12 09:06:55] local.ERROR: Call to undefined method SplObjectStorage::send() {"exception":"[object] (Symfony\\Component\\Debug\\Exception\\FatalThrowableError(code: 0): Call to undefined method SplObjectStorage::send() at /home/vagrant/code/draw/app/Http/Controllers/WebSocketController.php:38)
[stacktrace]
#0 /home/vagrant/code/draw/vendor/cboden/ratchet/src/Ratchet/WebSocket/WsServer.php(75): App\\Http\\Controllers\\WebSocketController->onMessage(Object(Ratchet\\WebSocket\\WsConnection), 'opu')
#1 /home/vagrant/code/draw/vendor/cboden/ratchet/src/Ratchet/WebSocket/WsServer.php(131): Ratchet\\WebSocket\\WsServer->Ratchet\\WebSocket\\{closure}(Object(Ratchet\\WebSocket\\WsConnection), Object(Ratchet\\RFC6455\\Messaging\\Message))
#2 /home/vagrant/code/draw/vendor/ratchet/rfc6455/src/Messaging/MessageBuffer.php(104): Ratchet\\WebSocket\\WsServer->Ratchet\\WebSocket\\{closure}(Object(Ratchet\\RFC6455\\Messaging\\Message))
#3 /home/vagrant/code/draw/vendor/ratchet/rfc6455/src/Messaging/MessageBuffer.php(60): Ratchet\\RFC6455\\Messaging\\MessageBuffer->processData('\\x81\\x83\\xB0\\x14r\\x8F\\xDFd\\x07')
#4 /home/vagrant/code/draw/vendor/cboden/ratchet/src/Ratchet/WebSocket/WsServer.php(153): Ratchet\\RFC6455\\Messaging\\MessageBuffer->onData('\\x81\\x83\\xB0\\x14r\\x8F\\xDFd\\x07')
#5 /home/vagrant/code/draw/vendor/cboden/ratchet/src/Ratchet/Http/HttpServer.php(54): Ratchet\\WebSocket\\WsServer->onMessage(Object(Ratchet\\Server\\IoConnection), '\\x81\\x83\\xB0\\x14r\\x8F\\xDFd\\x07')
#6 /home/vagrant/code/draw/vendor/cboden/ratchet/src/Ratchet/Server/IoServer.php(112): Ratchet\\Http\\HttpServer->onMessage(Object(Ratchet\\Server\\IoConnection), '\\x81\\x83\\xB0\\x14r\\x8F\\xDFd\\x07')
#7 /home/vagrant/code/draw/vendor/cboden/ratchet/src/Ratchet/Server/IoServer.php(95): Ratchet\\Server\\IoServer->handleData('\\x81\\x83\\xB0\\x14r\\x8F\\xDFd\\x07', Object(React\\Socket\\Connection))
#8 /home/vagrant/code/draw/vendor/evenement/evenement/src/Evenement/EventEmitterTrait.php(123): Ratchet\\Server\\IoServer->Ratchet\\Server\\{closure}('\\x81\\x83\\xB0\\x14r\\x8F\\xDFd\\x07')
#9 /home/vagrant/code/draw/vendor/react/stream/src/Util.php(71): Evenement\\EventEmitter->emit('data', Array)
#10 /home/vagrant/code/draw/vendor/evenement/evenement/src/Evenement/EventEmitterTrait.php(123): React\\Stream\\Util::React\\Stream\\{closure}('\\x81\\x83\\xB0\\x14r\\x8F\\xDFd\\x07')
#11 /home/vagrant/code/draw/vendor/react/stream/src/DuplexResourceStream.php(193): Evenement\\EventEmitter->emit('data', Array)
#12 /home/vagrant/code/draw/vendor/react/event-loop/src/StreamSelectLoop.php(238): React\\Stream\\DuplexResourceStream->handleData(Resource id #455)
#13 /home/vagrant/code/draw/vendor/react/event-loop/src/StreamSelectLoop.php(205): React\\EventLoop\\StreamSelectLoop->waitForStreamActivity(NULL)
#14 /home/vagrant/code/draw/vendor/cboden/ratchet/src/Ratchet/Server/IoServer.php(74): React\\EventLoop\\StreamSelectLoop->run()
#15 /home/vagrant/code/draw/app/Console/Commands/WebSocketServer.php(51): Ratchet\\Server\\IoServer->run()
#16 [internal function]: App\\Console\\Commands\\WebSocketServer->handle()
#17 /home/vagrant/code/draw/vendor/laravel/framework/src/Illuminate/Container/BoundMethod.php(29): call_user_func_array(Array, Array)
#18 /home/vagrant/code/draw/vendor/laravel/framework/src/Illuminate/Container/BoundMethod.php(87): Illuminate\\Container\\BoundMethod::Illuminate\\Container\\{closure}()
#19 /home/vagrant/code/draw/vendor/laravel/framework/src/Illuminate/Container/BoundMethod.php(31): Illuminate\\Container\\BoundMethod::callBoundMethod(Object(Illuminate\\Foundation\\Application), Array, Object(Closure))
#20 /home/vagrant/code/draw/vendor/laravel/framework/src/Illuminate/Container/Container.php(572): Illuminate\\Container\\BoundMethod::call(Object(Illuminate\\Foundation\\Application), Array, Array, NULL)
#21 /home/vagrant/code/draw/vendor/laravel/framework/src/Illuminate/Console/Command.php(183): Illuminate\\Container\\Container->call(Array)
#22 /home/vagrant/code/draw/vendor/symfony/console/Command/Command.php(255): Illuminate\\Console\\Command->execute(Object(Symfony\\Component\\Console\\Input\\ArgvInput), Object(Illuminate\\Console\\OutputStyle))
#23 /home/vagrant/code/draw/vendor/laravel/framework/src/Illuminate/Console/Command.php(170): Symfony\\Component\\Console\\Command\\Command->run(Object(Symfony\\Component\\Console\\Input\\ArgvInput), Object(Illuminate\\Console\\OutputStyle))
#24 /home/vagrant/code/draw/vendor/symfony/console/Application.php(901): Illuminate\\Console\\Command->run(Object(Symfony\\Component\\Console\\Input\\ArgvInput), Object(Symfony\\Component\\Console\\Output\\ConsoleOutput))
#25 /home/vagrant/code/draw/vendor/symfony/console/Application.php(262): Symfony\\Component\\Console\\Application->doRunCommand(Object(App\\Console\\Commands\\WebSocketServer), Object(Symfony\\Component\\Console\\Input\\ArgvInput), Object(Symfony\\Component\\Console\\Output\\ConsoleOutput))
#26 /home/vagrant/code/draw/vendor/symfony/console/Application.php(145): Symfony\\Component\\Console\\Application->doRun(Object(Symfony\\Component\\Console\\Input\\ArgvInput), Object(Symfony\\Component\\Console\\Output\\ConsoleOutput))
#27 /home/vagrant/code/draw/vendor/laravel/framework/src/Illuminate/Console/Application.php(89): Symfony\\Component\\Console\\Application->run(Object(Symfony\\Component\\Console\\Input\\ArgvInput), Object(Symfony\\Component\\Console\\Output\\ConsoleOutput))
#28 /home/vagrant/code/draw/vendor/laravel/framework/src/Illuminate/Foundation/Console/Kernel.php(122): Illuminate\\Console\\Application->run(Object(Symfony\\Component\\Console\\Input\\ArgvInput), Object(Symfony\\Component\\Console\\Output\\ConsoleOutput))
#29 /home/vagrant/code/draw/artisan(37): Illuminate\\Foundation\\Console\\Kernel->handle(Object(Symfony\\Component\\Console\\Input\\ArgvInput), Object(Symfony\\Component\\Console\\Output\\ConsoleOutput))
#30 {main}
"} 
